mode: set
github.com/midbel/toml/parse.go:16.39,18.16 2 1
github.com/midbel/toml/parse.go:21.2,28.18 6 1
github.com/midbel/toml/parse.go:18.16,20.3 1 0
github.com/midbel/toml/parse.go:31.40,36.16 4 1
github.com/midbel/toml/parse.go:39.2,39.18 1 1
github.com/midbel/toml/parse.go:49.2,49.18 1 1
github.com/midbel/toml/parse.go:36.16,38.3 1 1
github.com/midbel/toml/parse.go:39.18,40.29 1 1
github.com/midbel/toml/parse.go:43.3,45.17 3 1
github.com/midbel/toml/parse.go:40.29,42.4 1 0
github.com/midbel/toml/parse.go:45.17,47.4 1 1
github.com/midbel/toml/parse.go:52.45,57.28 2 1
github.com/midbel/toml/parse.go:61.2,62.44 2 1
github.com/midbel/toml/parse.go:82.2,82.28 1 1
github.com/midbel/toml/parse.go:85.2,86.51 2 1
github.com/midbel/toml/parse.go:91.2,94.16 3 1
github.com/midbel/toml/parse.go:97.2,97.12 1 1
github.com/midbel/toml/parse.go:57.28,60.3 2 1
github.com/midbel/toml/parse.go:62.44,63.22 1 1
github.com/midbel/toml/parse.go:66.3,68.22 3 1
github.com/midbel/toml/parse.go:63.22,65.4 1 0
github.com/midbel/toml/parse.go:69.12,72.18 3 1
github.com/midbel/toml/parse.go:75.4,75.9 1 1
github.com/midbel/toml/parse.go:76.16,77.13 1 1
github.com/midbel/toml/parse.go:78.11,79.34 1 0
github.com/midbel/toml/parse.go:72.18,74.5 1 0
github.com/midbel/toml/parse.go:82.28,84.3 1 0
github.com/midbel/toml/parse.go:86.51,88.3 1 0
github.com/midbel/toml/parse.go:88.8,90.3 1 1
github.com/midbel/toml/parse.go:94.16,96.3 1 1
github.com/midbel/toml/parse.go:100.47,101.6 1 1
github.com/midbel/toml/parse.go:115.2,115.12 1 1
github.com/midbel/toml/parse.go:101.6,102.43 1 1
github.com/midbel/toml/parse.go:105.3,105.48 1 1
github.com/midbel/toml/parse.go:108.3,110.44 2 1
github.com/midbel/toml/parse.go:113.3,113.18 1 1
github.com/midbel/toml/parse.go:102.43,103.9 1 1
github.com/midbel/toml/parse.go:105.48,107.4 1 1
github.com/midbel/toml/parse.go:110.44,112.4 1 1
github.com/midbel/toml/parse.go:118.59,120.6 2 1
github.com/midbel/toml/parse.go:139.2,142.16 3 1
github.com/midbel/toml/parse.go:146.2,146.12 1 1
github.com/midbel/toml/parse.go:120.6,121.22 1 1
github.com/midbel/toml/parse.go:124.3,126.27 3 1
github.com/midbel/toml/parse.go:137.3,137.11 1 1
github.com/midbel/toml/parse.go:121.22,123.4 1 1
github.com/midbel/toml/parse.go:126.27,127.9 1 1
github.com/midbel/toml/parse.go:128.9,128.42 1 1
github.com/midbel/toml/parse.go:128.42,130.18 2 1
github.com/midbel/toml/parse.go:133.4,133.9 1 1
github.com/midbel/toml/parse.go:130.18,132.5 1 1
github.com/midbel/toml/parse.go:134.9,136.4 1 0
github.com/midbel/toml/parse.go:142.16,145.3 2 1
github.com/midbel/toml/parse.go:149.46,153.24 2 1
github.com/midbel/toml/parse.go:169.2,169.16 1 1
github.com/midbel/toml/parse.go:153.24,154.29 1 1
github.com/midbel/toml/parse.go:157.3,157.50 1 1
github.com/midbel/toml/parse.go:160.3,161.22 2 1
github.com/midbel/toml/parse.go:154.29,156.4 1 1
github.com/midbel/toml/parse.go:157.50,159.4 1 0
github.com/midbel/toml/parse.go:162.14,163.12 1 1
github.com/midbel/toml/parse.go:164.15,164.15 0 1
github.com/midbel/toml/parse.go:165.11,166.39 1 0
github.com/midbel/toml/parse.go:172.45,176.25 3 1
github.com/midbel/toml/parse.go:197.2,197.18 1 1
github.com/midbel/toml/parse.go:176.25,178.17 2 1
github.com/midbel/toml/parse.go:181.3,182.22 2 1
github.com/midbel/toml/parse.go:195.3,195.35 1 1
github.com/midbel/toml/parse.go:178.17,180.4 1 0
github.com/midbel/toml/parse.go:183.14,185.19 2 1
github.com/midbel/toml/parse.go:186.16,188.30 2 1
github.com/midbel/toml/parse.go:191.16,191.16 0 1
github.com/midbel/toml/parse.go:192.11,193.39 1 0
github.com/midbel/toml/parse.go:188.30,190.5 1 1
github.com/midbel/toml/parse.go:200.45,205.21 2 1
github.com/midbel/toml/parse.go:215.2,215.15 1 1
github.com/midbel/toml/parse.go:206.15,208.26 2 1
github.com/midbel/toml/parse.go:209.14,211.27 2 1
github.com/midbel/toml/parse.go:212.10,213.28 1 1
github.com/midbel/toml/parse.go:218.47,219.21 1 1
github.com/midbel/toml/parse.go:230.2,230.36 1 1
github.com/midbel/toml/parse.go:220.14,220.14 0 1
github.com/midbel/toml/parse.go:221.15,221.15 0 1
github.com/midbel/toml/parse.go:222.13,222.13 0 1
github.com/midbel/toml/parse.go:223.12,223.12 0 1
github.com/midbel/toml/parse.go:224.16,224.16 0 1
github.com/midbel/toml/parse.go:225.12,225.12 0 1
github.com/midbel/toml/parse.go:226.12,226.12 0 1
github.com/midbel/toml/parse.go:227.10,228.38 1 1
github.com/midbel/toml/parse.go:233.25,236.2 2 1
github.com/midbel/toml/parse.go:238.42,240.2 1 1
github.com/midbel/toml/parse.go:242.32,243.29 1 1
github.com/midbel/toml/parse.go:243.29,245.3 1 1
github.com/midbel/toml/parse.go:248.32,249.28 1 1
github.com/midbel/toml/parse.go:252.2,252.53 1 1
github.com/midbel/toml/parse.go:249.28,251.3 1 0
github.com/midbel/toml/parse.go:255.40,257.2 1 1
github.com/midbel/toml/parse.go:259.40,261.2 1 1
github.com/midbel/toml/scan.go:66.42,68.16 2 1
github.com/midbel/toml/scan.go:71.2,80.20 3 1
github.com/midbel/toml/scan.go:84.2,84.16 1 1
github.com/midbel/toml/scan.go:68.16,70.3 1 0
github.com/midbel/toml/scan.go:80.20,82.3 1 0
github.com/midbel/toml/scan.go:87.32,89.19 2 1
github.com/midbel/toml/scan.go:93.2,100.9 4 1
github.com/midbel/toml/scan.go:126.2,129.10 3 1
github.com/midbel/toml/scan.go:89.19,92.3 2 1
github.com/midbel/toml/scan.go:101.10,102.19 1 0
github.com/midbel/toml/scan.go:103.25,106.21 3 1
github.com/midbel/toml/scan.go:111.66,112.18 1 1
github.com/midbel/toml/scan.go:113.66,114.19 1 1
github.com/midbel/toml/scan.go:115.23,116.19 1 1
github.com/midbel/toml/scan.go:117.23,118.18 1 1
github.com/midbel/toml/scan.go:119.21,121.64 2 1
github.com/midbel/toml/scan.go:106.21,108.4 1 1
github.com/midbel/toml/scan.go:108.9,110.4 1 1
github.com/midbel/toml/scan.go:121.64,124.4 2 1
github.com/midbel/toml/scan.go:132.32,133.58 1 1
github.com/midbel/toml/scan.go:137.2,137.9 1 1
github.com/midbel/toml/scan.go:133.58,136.3 2 1
github.com/midbel/toml/scan.go:138.70,139.12 1 1
github.com/midbel/toml/scan.go:140.70,141.12 1 1
github.com/midbel/toml/scan.go:142.44,143.21 1 1
github.com/midbel/toml/scan.go:147.40,149.36 2 1
github.com/midbel/toml/scan.go:152.2,152.10 1 1
github.com/midbel/toml/scan.go:149.36,151.3 1 1
github.com/midbel/toml/scan.go:155.30,156.29 1 1
github.com/midbel/toml/scan.go:160.2,161.25 2 1
github.com/midbel/toml/scan.go:169.2,170.23 2 1
github.com/midbel/toml/scan.go:156.29,159.3 2 1
github.com/midbel/toml/scan.go:161.25,162.13 1 0
github.com/midbel/toml/scan.go:167.3,167.25 1 0
github.com/midbel/toml/scan.go:162.13,164.4 1 0
github.com/midbel/toml/scan.go:164.9,166.4 1 0
github.com/midbel/toml/scan.go:170.23,173.3 2 1
github.com/midbel/toml/scan.go:173.8,175.3 1 1
github.com/midbel/toml/scan.go:178.32,179.32 1 1
github.com/midbel/toml/scan.go:183.2,183.23 1 1
github.com/midbel/toml/scan.go:190.2,191.47 2 1
github.com/midbel/toml/scan.go:179.32,181.3 1 0
github.com/midbel/toml/scan.go:183.23,186.3 2 1
github.com/midbel/toml/scan.go:186.8,188.3 1 1
github.com/midbel/toml/scan.go:194.35,195.29 1 1
github.com/midbel/toml/scan.go:198.2,199.25 2 1
github.com/midbel/toml/scan.go:206.2,206.10 1 1
github.com/midbel/toml/scan.go:195.29,197.3 1 1
github.com/midbel/toml/scan.go:199.25,200.13 1 0
github.com/midbel/toml/scan.go:200.13,202.4 1 0
github.com/midbel/toml/scan.go:202.9,204.4 1 0
github.com/midbel/toml/scan.go:209.40,218.12 3 1
github.com/midbel/toml/scan.go:221.2,222.63 2 1
github.com/midbel/toml/scan.go:231.2,235.29 2 1
github.com/midbel/toml/scan.go:239.1,240.6 1 1
github.com/midbel/toml/scan.go:270.2,270.9 1 1
github.com/midbel/toml/scan.go:276.2,276.48 1 1
github.com/midbel/toml/scan.go:218.12,220.3 1 1
github.com/midbel/toml/scan.go:222.63,224.29 2 1
github.com/midbel/toml/scan.go:229.3,229.9 1 1
github.com/midbel/toml/scan.go:224.29,226.4 1 0
github.com/midbel/toml/scan.go:226.9,228.4 1 1
github.com/midbel/toml/scan.go:235.29,238.3 2 1
github.com/midbel/toml/scan.go:240.6,241.10 1 1
github.com/midbel/toml/scan.go:265.3,266.24 2 1
github.com/midbel/toml/scan.go:242.24,244.12 2 1
github.com/midbel/toml/scan.go:245.29,246.49 1 1
github.com/midbel/toml/scan.go:250.4,250.12 1 1
github.com/midbel/toml/scan.go:251.22,252.31 1 1
github.com/midbel/toml/scan.go:253.39,254.31 1 1
github.com/midbel/toml/scan.go:255.24,256.27 1 1
github.com/midbel/toml/scan.go:257.24,258.27 1 1
github.com/midbel/toml/scan.go:259.77,261.14 2 1
github.com/midbel/toml/scan.go:262.11,263.20 1 0
github.com/midbel/toml/scan.go:246.49,248.5 1 1
github.com/midbel/toml/scan.go:248.11,249.5 0 1
github.com/midbel/toml/scan.go:266.24,267.9 1 1
github.com/midbel/toml/scan.go:271.66,272.19 1 1
github.com/midbel/toml/scan.go:273.28,274.19 1 0
github.com/midbel/toml/scan.go:279.42,283.21 3 1
github.com/midbel/toml/scan.go:288.2,289.9 2 1
github.com/midbel/toml/scan.go:308.2,308.15 1 1
github.com/midbel/toml/scan.go:283.21,286.3 2 0
github.com/midbel/toml/scan.go:290.40,292.17 2 1
github.com/midbel/toml/scan.go:299.3,299.24 1 1
github.com/midbel/toml/scan.go:302.57,304.16 2 1
github.com/midbel/toml/scan.go:305.10,306.19 1 0
github.com/midbel/toml/scan.go:293.12,294.12 1 1
github.com/midbel/toml/scan.go:295.20,296.31 1 1
github.com/midbel/toml/scan.go:297.11,297.11 0 0
github.com/midbel/toml/scan.go:299.24,301.4 1 1
github.com/midbel/toml/scan.go:311.42,315.21 3 1
github.com/midbel/toml/scan.go:322.2,322.47 1 1
github.com/midbel/toml/scan.go:327.2,327.45 1 1
github.com/midbel/toml/scan.go:330.2,330.55 1 1
github.com/midbel/toml/scan.go:333.2,333.15 1 1
github.com/midbel/toml/scan.go:315.21,316.48 1 1
github.com/midbel/toml/scan.go:316.48,319.4 2 0
github.com/midbel/toml/scan.go:322.47,325.3 2 0
github.com/midbel/toml/scan.go:327.45,329.3 1 1
github.com/midbel/toml/scan.go:330.55,332.3 1 1
github.com/midbel/toml/scan.go:336.44,341.22 4 1
github.com/midbel/toml/scan.go:345.2,345.16 1 1
github.com/midbel/toml/scan.go:348.2,348.15 1 1
github.com/midbel/toml/scan.go:341.22,344.3 2 1
github.com/midbel/toml/scan.go:345.16,347.3 1 0
github.com/midbel/toml/scan.go:351.46,353.21 2 1
github.com/midbel/toml/scan.go:357.2,358.19 2 1
github.com/midbel/toml/scan.go:353.21,356.3 2 0
github.com/midbel/toml/scan.go:361.46,369.20 4 1
github.com/midbel/toml/scan.go:373.2,373.6 1 1
github.com/midbel/toml/scan.go:392.2,392.15 1 1
github.com/midbel/toml/scan.go:369.20,372.3 2 1
github.com/midbel/toml/scan.go:373.6,374.47 1 1
github.com/midbel/toml/scan.go:378.3,378.27 1 1
github.com/midbel/toml/scan.go:384.3,387.75 4 1
github.com/midbel/toml/scan.go:374.47,377.4 2 0
github.com/midbel/toml/scan.go:378.27,379.49 1 1
github.com/midbel/toml/scan.go:379.49,382.5 2 0
github.com/midbel/toml/scan.go:387.75,389.9 2 1
github.com/midbel/toml/scan.go:395.46,403.6 4 1
github.com/midbel/toml/scan.go:424.2,424.15 1 1
github.com/midbel/toml/scan.go:403.6,404.10 1 1
github.com/midbel/toml/scan.go:422.3,422.15 1 1
github.com/midbel/toml/scan.go:405.24,407.12 2 1
github.com/midbel/toml/scan.go:408.29,409.49 1 1
github.com/midbel/toml/scan.go:413.4,413.12 1 1
github.com/midbel/toml/scan.go:414.39,415.31 1 1
github.com/midbel/toml/scan.go:416.77,418.14 2 1
github.com/midbel/toml/scan.go:419.11,420.20 1 0
github.com/midbel/toml/scan.go:409.49,411.15 2 0
github.com/midbel/toml/scan.go:427.78,434.26 3 1
github.com/midbel/toml/scan.go:437.2,437.6 1 1
github.com/midbel/toml/scan.go:454.2,454.48 1 1
github.com/midbel/toml/scan.go:434.26,436.3 1 0
github.com/midbel/toml/scan.go:437.6,438.75 1 1
github.com/midbel/toml/scan.go:442.3,442.39 1 1
github.com/midbel/toml/scan.go:445.3,445.27 1 1
github.com/midbel/toml/scan.go:451.3,452.11 2 1
github.com/midbel/toml/scan.go:438.75,440.9 2 1
github.com/midbel/toml/scan.go:442.39,444.4 1 0
github.com/midbel/toml/scan.go:445.27,446.47 1 1
github.com/midbel/toml/scan.go:446.47,448.10 2 0
github.com/midbel/toml/scan.go:457.41,467.21 5 1
github.com/midbel/toml/scan.go:471.2,472.48 2 1
github.com/midbel/toml/scan.go:467.21,470.3 2 1
github.com/midbel/toml/scan.go:475.40,484.21 4 1
github.com/midbel/toml/scan.go:497.2,497.22 1 1
github.com/midbel/toml/scan.go:518.2,519.11 2 1
github.com/midbel/toml/scan.go:523.2,523.21 1 1
github.com/midbel/toml/scan.go:484.21,486.23 2 1
github.com/midbel/toml/scan.go:490.3,490.37 1 1
github.com/midbel/toml/scan.go:486.23,489.4 2 1
github.com/midbel/toml/scan.go:490.37,492.21 2 1
github.com/midbel/toml/scan.go:492.21,494.5 1 1
github.com/midbel/toml/scan.go:497.22,498.42 1 1
github.com/midbel/toml/scan.go:511.3,511.30 1 1
github.com/midbel/toml/scan.go:515.3,516.15 2 1
github.com/midbel/toml/scan.go:498.42,500.21 2 1
github.com/midbel/toml/scan.go:504.4,504.40 1 1
github.com/midbel/toml/scan.go:500.21,502.13 2 1
github.com/midbel/toml/scan.go:504.40,507.5 2 0
github.com/midbel/toml/scan.go:507.10,509.5 1 1
github.com/midbel/toml/scan.go:511.30,514.4 2 0
github.com/midbel/toml/scan.go:519.11,522.3 2 1
github.com/midbel/toml/scan.go:523.21,526.3 2 0
github.com/midbel/toml/scan.go:529.39,535.22 3 1
github.com/midbel/toml/scan.go:539.2,540.19 2 1
github.com/midbel/toml/scan.go:546.2,546.23 1 1
github.com/midbel/toml/scan.go:549.2,549.16 1 1
github.com/midbel/toml/scan.go:535.22,538.3 2 1
github.com/midbel/toml/scan.go:541.23,542.16 1 1
github.com/midbel/toml/scan.go:543.20,544.17 1 0
github.com/midbel/toml/scan.go:546.23,548.3 1 1
github.com/midbel/toml/scan.go:552.36,554.2 1 1
github.com/midbel/toml/scan.go:556.52,558.17 2 1
github.com/midbel/toml/scan.go:562.2,562.10 1 1
github.com/midbel/toml/scan.go:558.17,561.3 2 1
github.com/midbel/toml/scan.go:565.31,567.2 1 1
github.com/midbel/toml/scan.go:569.41,571.11 2 1
github.com/midbel/toml/scan.go:579.2,579.15 1 1
github.com/midbel/toml/scan.go:572.11,573.16 1 1
github.com/midbel/toml/scan.go:574.11,575.17 1 1
github.com/midbel/toml/scan.go:576.11,577.18 1 1
github.com/midbel/toml/scan.go:582.26,584.2 1 1
github.com/midbel/toml/scan.go:586.27,588.2 1 1
github.com/midbel/toml/scan.go:590.28,592.2 1 1
github.com/midbel/toml/scan.go:594.27,596.2 1 1
github.com/midbel/toml/scan.go:598.27,600.2 1 1
github.com/midbel/toml/scan.go:602.27,604.2 1 1
github.com/midbel/toml/scan.go:606.27,608.2 1 1
github.com/midbel/toml/scan.go:610.26,612.2 1 1
github.com/midbel/toml/scan.go:614.28,616.2 1 1
github.com/midbel/toml/scan.go:618.27,620.2 1 1
github.com/midbel/toml/scan.go:622.29,624.2 1 1
github.com/midbel/toml/scan.go:626.27,628.2 1 1
github.com/midbel/toml/scan.go:630.32,632.2 1 1
github.com/midbel/toml/token.go:28.34,30.2 1 0
github.com/midbel/toml/token.go:32.33,33.17 1 0
github.com/midbel/toml/token.go:36.2,36.37 1 0
github.com/midbel/toml/token.go:33.17,35.3 1 0
github.com/midbel/toml/token.go:39.35,41.2 1 1
github.com/midbel/toml/token.go:49.29,50.16 1 1
github.com/midbel/toml/token.go:51.30,52.14 1 1
github.com/midbel/toml/token.go:53.10,54.15 1 1
github.com/midbel/toml/token.go:58.31,60.2 1 0
github.com/midbel/toml/token.go:62.32,64.2 1 1
github.com/midbel/toml/token.go:66.30,68.2 1 1
github.com/midbel/toml/token.go:70.32,72.16 2 1
github.com/midbel/toml/token.go:96.2,96.48 1 1
github.com/midbel/toml/token.go:73.15,74.21 1 1
github.com/midbel/toml/token.go:75.15,76.18 1 0
github.com/midbel/toml/token.go:77.11,78.14 1 0
github.com/midbel/toml/token.go:79.13,80.16 1 1
github.com/midbel/toml/token.go:81.14,82.17 1 0
github.com/midbel/toml/token.go:83.15,84.18 1 0
github.com/midbel/toml/token.go:85.13,86.16 1 0
github.com/midbel/toml/token.go:87.12,88.18 1 0
github.com/midbel/toml/token.go:89.28,90.19 1 0
github.com/midbel/toml/token.go:91.15,92.18 1 1
github.com/midbel/toml/token.go:93.10,94.44 1 1
github.com/midbel/toml/token.go:99.33,100.11 1 0
github.com/midbel/toml/token.go:101.10,102.17 1 0
github.com/midbel/toml/token.go:103.14,104.17 1 0
github.com/midbel/toml/token.go:105.15,106.17 1 0
github.com/midbel/toml/token.go:107.11,108.15 1 0
github.com/midbel/toml/token.go:109.13,110.17 1 0
github.com/midbel/toml/token.go:111.14,112.18 1 0
github.com/midbel/toml/token.go:113.15,114.19 1 0
github.com/midbel/toml/token.go:115.13,116.17 1 0
github.com/midbel/toml/token.go:117.12,118.19 1 0
github.com/midbel/toml/token.go:119.12,120.16 1 0
github.com/midbel/toml/token.go:121.12,122.16 1 0
github.com/midbel/toml/token.go:123.16,124.20 1 0
github.com/midbel/toml/token.go:125.15,126.19 1 0
github.com/midbel/toml/token.go:127.15,128.19 1 0
github.com/midbel/toml/toml.go:23.51,25.16 2 0
github.com/midbel/toml/toml.go:28.2,29.21 2 0
github.com/midbel/toml/toml.go:25.16,27.3 1 0
github.com/midbel/toml/toml.go:32.47,34.16 2 1
github.com/midbel/toml/toml.go:37.2,38.9 2 1
github.com/midbel/toml/toml.go:41.2,42.42 2 1
github.com/midbel/toml/toml.go:45.2,45.57 1 1
github.com/midbel/toml/toml.go:54.2,54.12 1 1
github.com/midbel/toml/toml.go:34.16,36.3 1 0
github.com/midbel/toml/toml.go:38.9,40.3 1 0
github.com/midbel/toml/toml.go:42.42,44.3 1 0
github.com/midbel/toml/toml.go:45.57,48.44 3 0
github.com/midbel/toml/toml.go:48.44,50.4 1 0
github.com/midbel/toml/toml.go:51.8,53.3 1 1
github.com/midbel/toml/toml.go:57.56,58.39 1 1
github.com/midbel/toml/toml.go:61.2,62.25 2 1
github.com/midbel/toml/toml.go:74.2,74.12 1 1
github.com/midbel/toml/toml.go:58.39,60.3 1 0
github.com/midbel/toml/toml.go:62.25,64.10 2 1
github.com/midbel/toml/toml.go:68.3,69.42 2 1
github.com/midbel/toml/toml.go:72.3,72.30 1 1
github.com/midbel/toml/toml.go:64.10,66.9 2 0
github.com/midbel/toml/toml.go:69.42,70.9 1 0
github.com/midbel/toml/toml.go:77.51,79.26 2 1
github.com/midbel/toml/toml.go:101.2,101.12 1 1
github.com/midbel/toml/toml.go:80.19,81.16 1 1
github.com/midbel/toml/toml.go:89.22,90.27 1 1
github.com/midbel/toml/toml.go:91.19,93.33 2 0
github.com/midbel/toml/toml.go:98.10,99.54 1 0
github.com/midbel/toml/toml.go:81.16,83.61 2 1
github.com/midbel/toml/toml.go:83.61,85.5 1 1
github.com/midbel/toml/toml.go:86.9,88.4 1 0
github.com/midbel/toml/toml.go:93.33,95.4 1 0
github.com/midbel/toml/toml.go:95.9,97.4 1 0
github.com/midbel/toml/toml.go:104.49,112.2 1 0
github.com/midbel/toml/toml.go:114.52,115.42 1 1
github.com/midbel/toml/toml.go:120.2,121.16 2 1
github.com/midbel/toml/toml.go:124.2,124.25 1 1
github.com/midbel/toml/toml.go:147.2,147.12 1 1
github.com/midbel/toml/toml.go:115.42,118.3 2 1
github.com/midbel/toml/toml.go:121.16,123.3 1 0
github.com/midbel/toml/toml.go:124.25,125.33 1 1
github.com/midbel/toml/toml.go:143.3,143.17 1 1
github.com/midbel/toml/toml.go:126.15,128.18 2 1
github.com/midbel/toml/toml.go:131.4,131.28 1 1
github.com/midbel/toml/toml.go:132.15,134.18 2 1
github.com/midbel/toml/toml.go:137.4,137.28 1 1
github.com/midbel/toml/toml.go:128.18,129.10 1 0
github.com/midbel/toml/toml.go:134.18,135.10 1 0
github.com/midbel/toml/toml.go:137.28,139.5 1 1
github.com/midbel/toml/toml.go:139.10,141.5 1 1
github.com/midbel/toml/toml.go:143.17,144.9 1 0
github.com/midbel/toml/toml.go:150.57,151.39 1 1
github.com/midbel/toml/toml.go:154.2,155.25 2 1
github.com/midbel/toml/toml.go:170.2,170.12 1 1
github.com/midbel/toml/toml.go:151.39,153.3 1 0
github.com/midbel/toml/toml.go:155.25,157.33 2 1
github.com/midbel/toml/toml.go:165.3,165.17 1 1
github.com/midbel/toml/toml.go:168.3,168.30 1 1
github.com/midbel/toml/toml.go:158.16,159.29 1 1
github.com/midbel/toml/toml.go:160.15,161.33 1 0
github.com/midbel/toml/toml.go:162.15,163.27 1 0
github.com/midbel/toml/toml.go:165.17,166.9 1 0
github.com/midbel/toml/toml.go:173.52,175.29 2 1
github.com/midbel/toml/toml.go:183.2,183.12 1 1
github.com/midbel/toml/toml.go:176.15,177.28 1 1
github.com/midbel/toml/toml.go:178.14,179.32 1 1
github.com/midbel/toml/toml.go:180.14,181.26 1 0
github.com/midbel/toml/toml.go:186.56,187.48 1 1
github.com/midbel/toml/toml.go:237.2,237.12 1 1
github.com/midbel/toml/toml.go:188.47,189.33 1 1
github.com/midbel/toml/toml.go:190.37,192.17 2 1
github.com/midbel/toml/toml.go:195.3,195.14 1 1
github.com/midbel/toml/toml.go:196.38,198.17 2 0
github.com/midbel/toml/toml.go:201.3,201.15 1 0
github.com/midbel/toml/toml.go:202.37,204.17 2 0
github.com/midbel/toml/toml.go:207.3,207.16 1 0
github.com/midbel/toml/toml.go:208.43,210.17 2 1
github.com/midbel/toml/toml.go:213.3,213.15 1 1
github.com/midbel/toml/toml.go:214.36,217.17 3 0
github.com/midbel/toml/toml.go:220.3,220.28 1 0
github.com/midbel/toml/toml.go:221.32,223.17 2 1
github.com/midbel/toml/toml.go:226.3,226.28 1 1
github.com/midbel/toml/toml.go:227.32,230.17 3 0
github.com/midbel/toml/toml.go:233.3,233.28 1 0
github.com/midbel/toml/toml.go:234.10,235.87 1 0
github.com/midbel/toml/toml.go:192.17,194.4 1 0
github.com/midbel/toml/toml.go:198.17,200.4 1 0
github.com/midbel/toml/toml.go:204.17,206.4 1 0
github.com/midbel/toml/toml.go:210.17,212.4 1 0
github.com/midbel/toml/toml.go:217.17,219.4 1 0
github.com/midbel/toml/toml.go:223.17,225.4 1 0
github.com/midbel/toml/toml.go:230.17,232.4 1 0
github.com/midbel/toml/toml.go:250.61,253.28 3 0
github.com/midbel/toml/toml.go:262.2,262.11 1 0
github.com/midbel/toml/toml.go:253.28,255.28 2 0
github.com/midbel/toml/toml.go:255.28,257.12 2 0
github.com/midbel/toml/toml.go:257.12,259.5 1 0
github.com/midbel/toml/toml.go:265.65,266.30 1 1
github.com/midbel/toml/toml.go:272.2,272.75 1 0
github.com/midbel/toml/toml.go:266.30,268.17 2 1
github.com/midbel/toml/toml.go:268.17,270.4 1 1
github.com/midbel/toml/toml.go:275.35,278.2 2 1
github.com/midbel/toml/toml.go:280.35,282.2 1 0
github.com/midbel/toml/toml.go:284.33,286.2 1 1
github.com/midbel/toml/toml.go:288.34,290.2 1 0
github.com/midbel/toml/toml.go:298.50,299.40 1 1
github.com/midbel/toml/toml.go:302.2,308.42 3 1
github.com/midbel/toml/toml.go:327.2,327.18 1 1
github.com/midbel/toml/toml.go:299.40,301.3 1 0
github.com/midbel/toml/toml.go:308.42,310.22 2 1
github.com/midbel/toml/toml.go:313.3,315.41 2 1
github.com/midbel/toml/toml.go:322.3,325.6 3 1
github.com/midbel/toml/toml.go:310.22,311.12 1 0
github.com/midbel/toml/toml.go:316.11,316.11 0 1
github.com/midbel/toml/toml.go:317.12,318.12 1 0
github.com/midbel/toml/toml.go:319.11,320.39 1 1
github.com/midbel/toml/toml.go:330.62,332.8 2 1
github.com/midbel/toml/toml.go:337.2,337.8 1 1
github.com/midbel/toml/toml.go:332.8,334.3 1 1
github.com/midbel/toml/toml.go:334.8,336.3 1 0
github.com/midbel/toml/node.go:18.34,20.2 1 1
github.com/midbel/toml/node.go:22.33,24.2 1 0
github.com/midbel/toml/node.go:32.33,34.2 1 0
github.com/midbel/toml/node.go:36.32,38.2 1 1
github.com/midbel/toml/node.go:45.32,47.2 1 0
github.com/midbel/toml/node.go:60.36,62.26 2 0
github.com/midbel/toml/node.go:65.2,65.22 1 0
github.com/midbel/toml/node.go:62.26,64.3 1 0
github.com/midbel/toml/node.go:83.33,85.2 1 0
github.com/midbel/toml/node.go:87.32,89.2 1 1
github.com/midbel/toml/node.go:91.33,93.2 1 1
github.com/midbel/toml/node.go:95.59,97.23 2 1
github.com/midbel/toml/node.go:114.2,118.41 2 1
github.com/midbel/toml/node.go:121.2,121.15 1 1
github.com/midbel/toml/node.go:97.23,98.34 1 1
github.com/midbel/toml/node.go:99.15,100.34 1 1
github.com/midbel/toml/node.go:103.15,104.34 1 1
github.com/midbel/toml/node.go:107.4,107.48 1 1
github.com/midbel/toml/node.go:100.34,102.5 1 1
github.com/midbel/toml/node.go:104.34,105.10 1 1
github.com/midbel/toml/node.go:107.48,109.5 1 1
github.com/midbel/toml/node.go:109.10,111.5 1 1
github.com/midbel/toml/node.go:118.41,120.3 1 0
github.com/midbel/toml/node.go:124.45,125.18 1 1
github.com/midbel/toml/node.go:129.2,130.23 2 1
github.com/midbel/toml/node.go:156.2,156.25 1 1
github.com/midbel/toml/node.go:164.2,165.12 2 1
github.com/midbel/toml/node.go:125.18,127.3 1 0
github.com/midbel/toml/node.go:130.23,131.34 1 1
github.com/midbel/toml/node.go:132.15,133.38 1 1
github.com/midbel/toml/node.go:136.15,137.65 1 1
github.com/midbel/toml/node.go:142.4,142.62 1 1
github.com/midbel/toml/node.go:145.4,145.62 1 1
github.com/midbel/toml/node.go:152.11,153.63 1 0
github.com/midbel/toml/node.go:133.38,135.5 1 1
github.com/midbel/toml/node.go:137.65,141.5 3 1
github.com/midbel/toml/node.go:142.62,144.5 1 1
github.com/midbel/toml/node.go:145.62,146.28 1 1
github.com/midbel/toml/node.go:149.5,150.15 2 1
github.com/midbel/toml/node.go:146.28,148.6 1 1
github.com/midbel/toml/node.go:156.25,163.3 2 1
github.com/midbel/toml/node.go:168.46,169.26 1 1
github.com/midbel/toml/node.go:172.2,173.23 2 1
github.com/midbel/toml/node.go:187.2,188.29 2 1
github.com/midbel/toml/node.go:191.2,191.12 1 1
github.com/midbel/toml/node.go:169.26,171.3 1 0
github.com/midbel/toml/node.go:173.23,174.34 1 1
github.com/midbel/toml/node.go:175.15,176.38 1 1
github.com/midbel/toml/node.go:179.15,180.38 1 1
github.com/midbel/toml/node.go:183.11,184.63 1 0
github.com/midbel/toml/node.go:176.38,178.5 1 1
github.com/midbel/toml/node.go:180.38,182.5 1 1
github.com/midbel/toml/node.go:188.29,190.3 1 1
github.com/midbel/toml/node.go:194.55,195.21 1 1
github.com/midbel/toml/node.go:198.2,198.22 1 1
github.com/midbel/toml/node.go:201.2,201.64 1 1
github.com/midbel/toml/node.go:195.21,197.3 1 1
github.com/midbel/toml/node.go:198.22,200.3 1 1
github.com/midbel/toml/node.go:204.48,205.50 1 1
github.com/midbel/toml/node.go:205.50,207.31 2 1
github.com/midbel/toml/node.go:215.3,215.24 1 1
github.com/midbel/toml/node.go:208.15,209.27 1 1
github.com/midbel/toml/node.go:210.15,211.27 1 1
github.com/midbel/toml/node.go:212.11,213.16 1 0
github.com/midbel/toml/node.go:219.37,223.37 3 0
github.com/midbel/toml/node.go:227.2,227.11 1 0
github.com/midbel/toml/node.go:223.37,226.3 2 0
github.com/midbel/toml/node.go:230.19,232.2 1 0
github.com/midbel/toml/node.go:234.34,235.23 1 0
github.com/midbel/toml/node.go:236.14,239.16 3 0
github.com/midbel/toml/node.go:240.14,241.27 1 0
github.com/midbel/toml/node.go:241.27,244.41 3 0
github.com/midbel/toml/node.go:247.4,248.17 2 0
github.com/midbel/toml/node.go:244.41,246.5 1 0
github.com/midbel/toml/node.go:249.9,251.19 2 0
github.com/midbel/toml/node.go:254.4,256.41 3 0
github.com/midbel/toml/node.go:259.4,260.17 2 0
github.com/midbel/toml/node.go:251.19,253.5 1 0
github.com/midbel/toml/node.go:256.41,258.5 1 0
github.com/midbel/toml/node.go:265.33,266.23 1 0
github.com/midbel/toml/node.go:267.15,269.53 2 0
github.com/midbel/toml/node.go:270.14,274.29 4 0
github.com/midbel/toml/node.go:279.3,280.20 2 0
github.com/midbel/toml/node.go:281.14,285.29 4 0
github.com/midbel/toml/node.go:297.3,298.20 2 0
github.com/midbel/toml/node.go:299.10,300.15 1 0
github.com/midbel/toml/node.go:274.29,278.4 3 0
github.com/midbel/toml/node.go:285.29,287.11 2 0
github.com/midbel/toml/node.go:294.4,295.22 2 0
github.com/midbel/toml/node.go:287.11,289.5 1 0
github.com/midbel/toml/node.go:289.10,293.5 3 0
